<?xml version="1.0" encoding="UTF-8"?>
<testng-results skipped="0" failed="1" total="1" passed="0">
  <reporter-output>
  </reporter-output>
  <suite name="Default suite" duration-ms="16276" started-at="2016-10-20T09:44:38Z" finished-at="2016-10-20T09:44:54Z">
    <groups>
    </groups>
    <test name="Default test" duration-ms="16276" started-at="2016-10-20T09:44:38Z" finished-at="2016-10-20T09:44:54Z">
      <class name="AlarmRuleModule.NewTest">
        <test-method status="FAIL" signature="f()[pri:0, instance:AlarmRuleModule.NewTest@28d25987]" name="f" duration-ms="16226" started-at="2016-10-20T17:44:38Z" finished-at="2016-10-20T17:44:54Z">
          <exception class="java.lang.IllegalArgumentException">
            <message>
              <![CDATA[Cannot find elements with a null id attribute.]]>
            </message>
            <full-stacktrace>
              <![CDATA[java.lang.IllegalArgumentException: Cannot find elements with a null id attribute.
	at org.openqa.selenium.By.id(By.java:53)
	at com.autotest.ExtJSPage.getElement(ExtJSPage.java:92)
	at com.autotest.ExtJSPage$1.apply(ExtJSPage.java:171)
	at com.autotest.ExtJSPage$1.apply(ExtJSPage.java:1)
	at org.openqa.selenium.support.ui.FluentWait.until(FluentWait.java:238)
	at com.autotest.ExtJSPage.findElement(ExtJSPage.java:168)
	at com.autotest.ExtJSPage.type(ExtJSPage.java:50)
	at com.autotest.component.TextBox.inputTextBox(TextBox.java:77)
	at com.autotest.pageobjects.LoginPage.login(LoginPage.java:46)
	at com.autotest.pageobjects.LoginPage.loginDefault(LoginPage.java:65)
	at AlarmRuleModule.NewTest.f(NewTest.java:22)
	at sun.reflect.NativeMethodAccessorImpl.invoke0(Native Method)
	at sun.reflect.NativeMethodAccessorImpl.invoke(NativeMethodAccessorImpl.java:62)
	at sun.reflect.DelegatingMethodAccessorImpl.invoke(DelegatingMethodAccessorImpl.java:43)
	at java.lang.reflect.Method.invoke(Method.java:498)
	at org.testng.internal.MethodInvocationHelper.invokeMethod(MethodInvocationHelper.java:86)
	at org.testng.internal.Invoker.invokeMethod(Invoker.java:643)
	at org.testng.internal.Invoker.invokeTestMethod(Invoker.java:820)
	at org.testng.internal.Invoker.invokeTestMethods(Invoker.java:1128)
	at org.testng.internal.TestMethodWorker.invokeTestMethods(TestMethodWorker.java:129)
	at org.testng.internal.TestMethodWorker.run(TestMethodWorker.java:112)
	at org.testng.TestRunner.privateRun(TestRunner.java:782)
	at org.testng.TestRunner.run(TestRunner.java:632)
	at org.testng.SuiteRunner.runTest(SuiteRunner.java:366)
	at org.testng.SuiteRunner.runSequentially(SuiteRunner.java:361)
	at org.testng.SuiteRunner.privateRun(SuiteRunner.java:319)
	at org.testng.SuiteRunner.run(SuiteRunner.java:268)
	at org.testng.SuiteRunnerWorker.runSuite(SuiteRunnerWorker.java:52)
	at org.testng.SuiteRunnerWorker.run(SuiteRunnerWorker.java:86)
	at org.testng.TestNG.runSuitesSequentially(TestNG.java:1244)
	at org.testng.TestNG.runSuitesLocally(TestNG.java:1169)
	at org.testng.TestNG.run(TestNG.java:1064)
	at org.testng.remote.AbstractRemoteTestNG.run(AbstractRemoteTestNG.java:126)
	at org.testng.remote.RemoteTestNG.initAndRun(RemoteTestNG.java:152)
	at org.testng.remote.RemoteTestNG.main(RemoteTestNG.java:57)
]]>
            </full-stacktrace>
          </exception> <!-- java.lang.IllegalArgumentException -->
          <reporter-output>
          </reporter-output>
        </test-method> <!-- f -->
      </class> <!-- AlarmRuleModule.NewTest -->
    </test> <!-- Default test -->
  </suite> <!-- Default suite -->
</testng-results>
