<?xml version="1.0" encoding="UTF-8"?>
<testng-results skipped="0" failed="0" total="1" passed="1">
  <reporter-output>
  </reporter-output>
  <suite name="Default suite" duration-ms="41862" started-at="2016-09-30T02:33:41Z" finished-at="2016-09-30T02:34:23Z">
    <groups>
    </groups>
    <test name="Default test" duration-ms="41862" started-at="2016-09-30T02:33:41Z" finished-at="2016-09-30T02:34:23Z">
      <class name="test.NewTest">
        <test-method status="PASS" signature="f()[pri:0, instance:test.NewTest@4c70fda8]" name="f" duration-ms="41821" started-at="2016-09-30T10:33:41Z" finished-at="2016-09-30T10:34:23Z">
          <reporter-output>
          </reporter-output>
        </test-method> <!-- f -->
      </class> <!-- test.NewTest -->
    </test> <!-- Default test -->
  </suite> <!-- Default suite -->
</testng-results>
